# JRE version: OpenJDK Runtime Environment Temurin-21.0.8+9 (21.0.8+9) (build 21.0.8+9-LTS)
# Java VM: OpenJDK 64-Bit Server VM Temurin-21.0.8+9 (21.0.8+9-LTS, mixed mode, emulated-client, sharing, tiered, compressed oops, compressed class ptrs, g1 gc, windows-amd64)
GC Precious Log:
 CardTable entry size: 512
 Card Set container configuration: InlinePtr #cards 5 size 8 Array Of Cards #cards 12 size 40 Howl #buckets 4 coarsen threshold 1843 Howl Bitmap #cards 512 size 80 coarsen threshold 460 Card regions per heap region 1 cards per card region 2048
 CPUs: 4 total, 4 available
 Memory: 8076M
 Large Page Support: Disabled
 NUMA Support: Disabled
 Compressed Oops: Enabled (32-bit)
 Heap Region Size: 1M
 Heap Min Capacity: 8M
 Heap Initial Capacity: 128M
 Heap Max Capacity: 2020M
 Pre-touch: Disabled
 Parallel Workers: 4
 Concurrent Workers: 1
 Concurrent Refinement Workers: 4
 Periodic GC: Disabled
Heap:
 garbage-first heap   total 55296K, used 26804K [0x0000000081c00000, 0x0000000100000000)
  region size 1024K, 2 young (2048K), 2 survivors (2048K)
 Metaspace       used 53071K, committed 53760K, reserved 1114112K
  class space    used 7503K, committed 7808K, reserved 1048576K
GC Heap History (20 events):
Event: 1.243 GC heap after
{Heap after GC invocations=2 (full 0):
 garbage-first heap   total 131072K, used 7192K [0x0000000081c00000, 0x0000000100000000)
  region size 1024K, 1 young (1024K), 1 survivors (1024K)
 Metaspace       used 4691K, committed 4928K, reserved 1114112K
  class space    used 633K, committed 768K, reserved 1048576K
}
Event: 2.552 GC heap before
{Heap before GC invocations=2 (full 0):
 garbage-first heap   total 131072K, used 44056K [0x0000000081c00000, 0x0000000100000000)
  region size 1024K, 38 young (38912K), 1 survivors (1024K)
 Metaspace       used 14070K, committed 14464K, reserved 1114112K
  class space    used 1968K, committed 2176K, reserved 1048576K
}
Event: 2.558 GC heap after
{Heap after GC invocations=3 (full 0):
 garbage-first heap   total 131072K, used 10657K [0x0000000081c00000, 0x0000000100000000)
  region size 1024K, 5 young (5120K), 5 survivors (5120K)
 Metaspace       used 14070K, committed 14464K, reserved 1114112K
  class space    used 1968K, committed 2176K, reserved 1048576K
}
Event: 3.958 GC heap before
{Heap before GC invocations=3 (full 0):
 garbage-first heap   total 131072K, used 59809K [0x0000000081c00000, 0x0000000100000000)
  region size 1024K, 55 young (56320K), 5 survivors (5120K)
 Metaspace       used 20562K, committed 21056K, reserved 1114112K
  class space    used 2811K, committed 3008K, reserved 1048576K
}
Event: 3.970 GC heap after
{Heap after GC invocations=4 (full 0):
 garbage-first heap   total 131072K, used 14909K [0x0000000081c00000, 0x0000000100000000)
  region size 1024K, 9 young (9216K), 9 survivors (9216K)
 Metaspace       used 20562K, committed 21056K, reserved 1114112K
  class space    used 2811K, committed 3008K, reserved 1048576K
}
Event: 4.639 GC heap before
{Heap before GC invocations=5 (full 0):
 garbage-first heap   total 55296K, used 38461K [0x0000000081c00000, 0x0000000100000000)
  region size 1024K, 32 young (32768K), 9 survivors (9216K)
 Metaspace       used 23606K, committed 24064K, reserved 1114112K
  class space    used 3247K, committed 3456K, reserved 1048576K
}
Event: 4.651 GC heap after
{Heap after GC invocations=6 (full 0):
 garbage-first heap   total 55296K, used 17077K [0x0000000081c00000, 0x0000000100000000)
  region size 1024K, 3 young (3072K), 3 survivors (3072K)
 Metaspace       used 23606K, committed 24064K, reserved 1114112K
  class space    used 3247K, committed 3456K, reserved 1048576K
}
Event: 5.307 GC heap before
{Heap before GC invocations=6 (full 0):
 garbage-first heap   total 55296K, used 43701K [0x0000000081c00000, 0x0000000100000000)
  region size 1024K, 29 young (29696K), 3 survivors (3072K)
 Metaspace       used 28017K, committed 28480K, reserved 1114112K
  class space    used 3903K, committed 4096K, reserved 1048576K
}
Event: 5.314 GC heap after
{Heap after GC invocations=7 (full 0):
 garbage-first heap   total 55296K, used 19273K [0x0000000081c00000, 0x0000000100000000)
  region size 1024K, 4 young (4096K), 4 survivors (4096K)
 Metaspace       used 28017K, committed 28480K, reserved 1114112K
  class space    used 3903K, committed 4096K, reserved 1048576K
}
Event: 6.005 GC heap before
{Heap before GC invocations=7 (full 0):
 garbage-first heap   total 55296K, used 45897K [0x0000000081c00000, 0x0000000100000000)
  region size 1024K, 30 young (30720K), 4 survivors (4096K)
 Metaspace       used 33690K, committed 34304K, reserved 1114112K
  class space    used 4658K, committed 4928K, reserved 1048576K
}
Event: 6.012 GC heap after
{Heap after GC invocations=8 (full 0):
 garbage-first heap   total 55296K, used 21680K [0x0000000081c00000, 0x0000000100000000)
  region size 1024K, 3 young (3072K), 3 survivors (3072K)
 Metaspace       used 33690K, committed 34304K, reserved 1114112K
  class space    used 4658K, committed 4928K, reserved 1048576K
}
Event: 6.104 GC heap before
{Heap before GC invocations=8 (full 0):
 garbage-first heap   total 55296K, used 23728K [0x0000000081c00000, 0x0000000100000000)
  region size 1024K, 7 young (7168K), 3 survivors (3072K)
 Metaspace       used 34599K, committed 35136K, reserved 1114112K
  class space    used 4756K, committed 4992K, reserved 1048576K
}
Event: 6.107 GC heap after
{Heap after GC invocations=9 (full 0):
 garbage-first heap   total 55296K, used 22098K [0x0000000081c00000, 0x0000000100000000)
  region size 1024K, 3 young (3072K), 3 survivors (3072K)
 Metaspace       used 34599K, committed 35136K, reserved 1114112K
  class space    used 4756K, committed 4992K, reserved 1048576K
}
Event: 7.021 GC heap before
{Heap before GC invocations=10 (full 0):
 garbage-first heap   total 55296K, used 47698K [0x0000000081c00000, 0x0000000100000000)
  region size 1024K, 28 young (28672K), 3 survivors (3072K)
 Metaspace       used 40679K, committed 41344K, reserved 1114112K
  class space    used 5647K, committed 5952K, reserved 1048576K
}
Event: 7.026 GC heap after
{Heap after GC invocations=11 (full 0):
 garbage-first heap   total 55296K, used 23632K [0x0000000081c00000, 0x0000000100000000)
  region size 1024K, 3 young (3072K), 3 survivors (3072K)
 Metaspace       used 40679K, committed 41344K, reserved 1114112K
  class space    used 5647K, committed 5952K, reserved 1048576K
}
Event: 7.699 GC heap before
{Heap before GC invocations=11 (full 0):
 garbage-first heap   total 55296K, used 46160K [0x0000000081c00000, 0x0000000100000000)
  region size 1024K, 26 young (26624K), 3 survivors (3072K)
 Metaspace       used 45036K, committed 45760K, reserved 1114112K
  class space    used 6526K, committed 6848K, reserved 1048576K
}
Event: 7.706 GC heap after
{Heap after GC invocations=12 (full 0):
 garbage-first heap   total 55296K, used 24746K [0x0000000081c00000, 0x0000000100000000)
  region size 1024K, 4 young (4096K), 4 survivors (4096K)
 Metaspace       used 45036K, committed 45760K, reserved 1114112K
  class space    used 6526K, committed 6848K, reserved 1048576K
}
Event: 8.262 GC heap before
{Heap before GC invocations=12 (full 0):
 garbage-first heap   total 55296K, used 46250K [0x0000000081c00000, 0x0000000100000000)
  region size 1024K, 25 young (25600K), 4 survivors (4096K)
 Metaspace       used 49852K, committed 50560K, reserved 1114112K
  class space    used 7166K, committed 7488K, reserved 1048576K
}
Event: 8.269 GC heap after
{Heap after GC invocations=13 (full 0):
 garbage-first heap   total 55296K, used 25855K [0x0000000081c00000, 0x0000000100000000)
  region size 1024K, 3 young (3072K), 3 survivors (3072K)
 Metaspace       used 49852K, committed 50560K, reserved 1114112K
  class space    used 7166K, committed 7488K, reserved 1048576K
}
Event: 8.690 GC heap before
{Heap before GC invocations=13 (full 0):
 garbage-first heap   total 55296K, used 46335K [0x0000000081c00000, 0x0000000100000000)
  region size 1024K, 24 young (24576K), 3 survivors (3072K)
 Metaspace       used 53071K, committed 53760K, reserved 1114112K
  class space    used 7503K, committed 7808K, reserved 1048576K
}

